[    0.000000] Linux version 4.15.0-213-generic (buildd@lcy02-amd64-079) (gcc version 7.5.0 (Ubuntu 7.5.0-3ubuntu1~18.04)) #224-Ubuntu SMP Mon Jun 19 13:30:12 UTC 2023 (Ubuntu 4.15.0-213.224-generic 4.15.18)
[    0.000000] Command line: BOOT_IMAGE=/boot/vmlinuz-4.15.0-213-generic root=UUID=f685bb41-0e3b-40c4-89c1-eea0f0583525 ro console=tty1 console=ttyS0
[    0.000000] KERNEL supported cpus:
[    0.000000]   Intel GenuineIntel
[    0.000000]   AMD AuthenticAMD
[    0.000000]   Centaur CentaurHauls
[    0.000000] x86/fpu: x87 FPU will use FXSAVE
[    0.000000] e820: BIOS-provided physical RAM map:
[    0.000000] BIOS-e820: [mem 0x0000000000000000-0x000000000009fbff] usable
[    0.000000] BIOS-e820: [mem 0x000000000009fc00-0x000000000009ffff] reserved
[    0.000000] BIOS-e820: [mem 0x00000000000f0000-0x00000000000fffff] reserved
[    0.000000] BIOS-e820: [mem 0x0000000000100000-0x000000003ffeffff] usable
[    0.000000] BIOS-e820: [mem 0x000000003fff0000-0x000000003fffffff] ACPI data
[    0.000000] BIOS-e820: [mem 0x00000000fec00000-0x00000000fec00fff] reserved
[    0.000000] BIOS-e820: [mem 0x00000000fee00000-0x00000000fee00fff] reserved
[    0.000000] BIOS-e820: [mem 0x00000000fffc0000-0x00000000ffffffff] reserved
[    0.000000] NX (Execute Disable) protection: active
[    0.000000] SMBIOS 2.5 present.
[    0.000000] DMI: innotek GmbH VirtualBox/VirtualBox, BIOS VirtualBox 12/01/2006
[    0.000000] Hypervisor detected: KVM
[    0.000000] e820: last_pfn = 0x3fff0 max_arch_pfn = 0x400000000
[    0.000000] MTRR: Disabled
[    0.000000] x86/PAT: MTRRs disabled, skipping PAT initialization too.
[    0.000000] CPU MTRRs all blank - virtualized system.
[    0.000000] x86/PAT: Configuration [0-7]: WB  WT  UC- UC  WB  WT  UC- UC  
[    0.000000] found SMP MP-table at [mem 0x0009fff0-0x0009ffff]
[    0.000000] Scanning 1 areas for low memory corruption
[    0.000000] RAMDISK: [mem 0x35819000-0x36c03fff]
[    0.000000] ACPI: Early table checksum verification disabled
[    0.000000] ACPI: RSDP 0x00000000000E0000 000024 (v02 VBOX  )
[    0.000000] ACPI: XSDT 0x000000003FFF0030 00003C (v01 VBOX   VBOXXSDT 00000001 ASL  00000061)
[    0.000000] ACPI: FACP 0x000000003FFF00F0 0000F4 (v04 VBOX   VBOXFACP 00000001 ASL  00000061)
[    0.000000] ACPI: DSDT 0x000000003FFF0610 002353 (v02 VBOX   VBOXBIOS 00000002 INTL 20100528)
[    0.000000] ACPI: FACS 0x000000003FFF0200 000040
[    0.000000] ACPI: FACS 0x000000003FFF0200 000040
[    0.000000] ACPI: APIC 0x000000003FFF0240 000054 (v02 VBOX   VBOXAPIC 00000001 ASL  00000061)
[    0.000000] ACPI: SSDT 0x000000003FFF02A0 00036C (v01 VBOX   VBOXCPUT 00000002 INTL 20100528)
[    0.000000] ACPI: Reserving FACP table memory at [mem 0x3fff00f0-0x3fff01e3]
[    0.000000] ACPI: Reserving DSDT table memory at [mem 0x3fff0610-0x3fff2962]
[    0.000000] ACPI: Reserving FACS table memory at [mem 0x3fff0200-0x3fff023f]
[    0.000000] ACPI: Reserving FACS table memory at [mem 0x3fff0200-0x3fff023f]
[    0.000000] ACPI: Reserving APIC table memory at [mem 0x3fff0240-0x3fff0293]
[    0.000000] ACPI: Reserving SSDT table memory at [mem 0x3fff02a0-0x3fff060b]
[    0.000000] No NUMA configuration found
[    0.000000] Faking a node at [mem 0x0000000000000000-0x000000003ffeffff]
[    0.000000] NODE_DATA(0) allocated [mem 0x3ffc5000-0x3ffeffff]
[    0.000000] kvm-clock: cpu 0, msr 0:3ff44001, primary cpu clock
[    0.000000] kvm-clock: Using msrs 4b564d01 and 4b564d00
[    0.000000] kvm-clock: using sched offset of 5887923369 cycles
[    0.000000] clocksource: kvm-clock: mask: 0xffffffffffffffff max_cycles: 0x1cd42e4dffb, max_idle_ns: 881590591483 ns
[    0.000000] Zone ranges:
[    0.000000]   DMA      [mem 0x0000000000001000-0x0000000000ffffff]
[    0.000000]   DMA32    [mem 0x0000000001000000-0x000000003ffeffff]
[    0.000000]   Normal   empty
[    0.000000]   Device   empty
[    0.000000] Movable zone start for each node
[    0.000000] Early memory node ranges
[    0.000000]   node   0: [mem 0x0000000000001000-0x000000000009efff]
[    0.000000]   node   0: [mem 0x0000000000100000-0x000000003ffeffff]
[    0.000000] Reserved but unavailable: 104 pages
[    0.000000] Initmem setup node 0 [mem 0x0000000000001000-0x000000003ffeffff]
[    0.000000] ACPI: PM-Timer IO Port: 0x4008
[    0.000000] IOAPIC[0]: apic_id 1, version 32, address 0xfec00000, GSI 0-23
[    0.000000] ACPI: INT_SRC_OVR (bus 0 bus_irq 0 global_irq 2 dfl dfl)
[    0.000000] ACPI: INT_SRC_OVR (bus 0 bus_irq 9 global_irq 9 low level)
[    0.000000] Using ACPI (MADT) for SMP configuration information
[    0.000000] smpboot: Allowing 1 CPUs, 0 hotplug CPUs
[    0.000000] PM: Registered nosave memory: [mem 0x00000000-0x00000fff]
[    0.000000] PM: Registered nosave memory: [mem 0x0009f000-0x0009ffff]
[    0.000000] PM: Registered nosave memory: [mem 0x000a0000-0x000effff]
[    0.000000] PM: Registered nosave memory: [mem 0x000f0000-0x000fffff]
[    0.000000] e820: [mem 0x40000000-0xfebfffff] available for PCI devices
[    0.000000] Booting paravirtualized kernel on KVM
[    0.000000] clocksource: refined-jiffies: mask: 0xffffffff max_cycles: 0xffffffff, max_idle_ns: 7645519600211568 ns
[    0.000000] setup_percpu: NR_CPUS:8192 nr_cpumask_bits:1 nr_cpu_ids:1 nr_node_ids:1
[    0.000000] percpu: Embedded 50 pages/cpu s167936 r8192 d28672 u2097152
[    0.000000] PV qspinlock hash table entries: 256 (order: 0, 4096 bytes)
[    0.000000] Built 1 zonelists, mobility grouping on.  Total pages: 257913
[    0.000000] Policy zone: DMA32
[    0.000000] Kernel command line: BOOT_IMAGE=/boot/vmlinuz-4.15.0-213-generic root=UUID=f685bb41-0e3b-40c4-89c1-eea0f0583525 ro console=tty1 console=ttyS0
[    0.000000] Memory: 981976K/1048120K available (12300K kernel code, 2477K rwdata, 4324K rodata, 2480K init, 2720K bss, 66144K reserved, 0K cma-reserved)
[    0.000000] SLUB: HWalign=64, Order=0-3, MinObjects=0, CPUs=1, Nodes=1
[    0.000000] ftrace: allocating 39508 entries in 155 pages
[    0.004000] Hierarchical RCU implementation.
[    0.004000] 	RCU restricting CPUs from NR_CPUS=8192 to nr_cpu_ids=1.
[    0.004000] 	Tasks RCU enabled.
[    0.004000] RCU: Adjusting geometry for rcu_fanout_leaf=16, nr_cpu_ids=1
[    0.004000] NR_IRQS: 524544, nr_irqs: 256, preallocated irqs: 16
[    0.004000] random: crng init done
[    0.004000] Console: colour VGA+ 80x25
[    0.004000] console [tty1] enabled
[    0.004000] console [ttyS0] enabled
[    0.004000] ACPI: Core revision 20170831
[    0.004000] ACPI: 2 ACPI AML tables successfully acquired and loaded
[    0.004000] APIC: Switch to symmetric I/O mode setup
[    0.008000] ..TIMER: vector=0x30 apic1=0 pin1=2 apic2=-1 pin2=-1
[    0.008013] tsc: Detected 2419.198 MHz processor
[    0.012030] Calibrating delay loop (skipped) preset value.. 4838.39 BogoMIPS (lpj=9676792)
[    0.016012] pid_max: default: 32768 minimum: 301
[    0.020074] Security Framework initialized
[    0.024013] Yama: becoming mindful.
[    0.028051] AppArmor: AppArmor initialized
[    0.036468] Dentry cache hash table entries: 131072 (order: 8, 1048576 bytes)
[    0.040139] Inode-cache hash table entries: 65536 (order: 7, 524288 bytes)
[    0.044071] Mount-cache hash table entries: 2048 (order: 2, 16384 bytes)
[    0.048030] Mountpoint-cache hash table entries: 2048 (order: 2, 16384 bytes)
[    0.057781] Last level iTLB entries: 4KB 0, 2MB 0, 4MB 0
[    0.060011] Last level dTLB entries: 4KB 0, 2MB 0, 4MB 0, 1GB 0
[    0.064012] Spectre V1 : Mitigation: usercopy/swapgs barriers and __user pointer sanitization
[    0.068012] Spectre V2 : Mitigation: Enhanced IBRS
[    0.072007] Spectre V2 : Spectre v2 / SpectreRSB mitigation: Filling RSB on context switch
[    0.076003] Spectre V2 : Spectre v2 / PBRSB-eIBRS: Retire a single CALL on VMEXIT
[    0.080008] RETBleed: Mitigation: Enhanced IBRS
[    0.084007] Speculative Store Bypass: Vulnerable
[    0.106928] Freeing SMP alternatives memory: 36K
[    0.232018] APIC calibration not consistent with PM-Timer: 103ms instead of 100ms
[    0.236000] APIC delta adjusted to PM-Timer: 6305251 (6500370)
[    0.237932] smpboot: CPU0: 11th Gen Intel(R) Core(TM) i5-1135G7 @ 2.40GHz (family: 0x6, model: 0x8c, stepping: 0x1)
[    0.240223] Performance Events: unsupported p6 CPU model 140 no PMU driver, software events only.
[    0.244371] Hierarchical SRCU implementation.
[    0.250005] NMI watchdog: Perf event create on CPU 0 failed with -2
[    0.252016] NMI watchdog: Perf NMI watchdog permanently disabled
[    0.256171] smp: Bringing up secondary CPUs ...
[    0.260014] smp: Brought up 1 node, 1 CPU
[    0.264006] smpboot: Max logical packages: 1
[    0.268019] smpboot: Total of 1 processors activated (4838.39 BogoMIPS)
[    0.272463] devtmpfs: initialized
[    0.276218] x86/mm: Memory block size: 128MB
[    0.280569] evm: security.selinux
[    0.284025] evm: security.SMACK64
[    0.292019] evm: security.SMACK64EXEC
[    0.296007] evm: security.SMACK64TRANSMUTE
[    0.300006] evm: security.SMACK64MMAP
[    0.304006] evm: security.apparmor
[    0.308006] evm: security.ima
[    0.312007] evm: security.capability
[    0.316263] clocksource: jiffies: mask: 0xffffffff max_cycles: 0xffffffff, max_idle_ns: 7645041785100000 ns
[    0.320031] futex hash table entries: 256 (order: 2, 16384 bytes)
[    0.324212] pinctrl core: initialized pinctrl subsystem
[    0.332733] RTC time: 12:52:39, date: 04/24/25
[    0.336208] NET: Registered protocol family 16
[    0.340338] audit: initializing netlink subsys (disabled)
[    0.344450] cpuidle: using governor ladder
[    0.348038] audit: type=2000 audit(1745499165.337:1): state=initialized audit_enabled=0 res=1
[    0.352032] cpuidle: using governor menu
[    0.356075] ACPI: bus type PCI registered
[    0.364016] acpiphp: ACPI Hot Plug PCI Controller Driver version: 0.5
[    0.372633] PCI: Using configuration type 1 for base access
[    0.378341] HugeTLB registered 2.00 MiB page size, pre-allocated 0 pages
[    0.381484] ACPI: Added _OSI(Module Device)
[    0.384021] ACPI: Added _OSI(Processor Device)
[    0.388004] ACPI: Added _OSI(3.0 _SCP Extensions)
[    0.392009] ACPI: Added _OSI(Processor Aggregator Device)
[    0.396029] ACPI: Added _OSI(Linux-Dell-Video)
[    0.400034] ACPI: Added _OSI(Linux-Lenovo-NV-HDMI-Audio)
[    0.404017] ACPI: Added _OSI(Linux-HPI-Hybrid-Graphics)
[    0.412269] ACPI: Executed 1 blocks of module-level executable AML code
[    0.431315] ACPI: Interpreter enabled
[    0.432039] ACPI: (supports S0 S5)
[    0.436009] ACPI: Using IOAPIC for interrupt routing
[    0.441105] PCI: Using host bridge windows from ACPI; if necessary, use "pci=nocrs" and report a bug
[    0.444672] ACPI: Enabled 2 GPEs in block 00 to 07
[    0.488288] ACPI: PCI Root Bridge [PCI0] (domain 0000 [bus 00-ff])
[    0.492038] acpi PNP0A03:00: _OSC: OS supports [ASPM ClockPM Segments MSI]
[    0.500344] acpi PNP0A03:00: _OSC: not requesting OS control; OS requires [ExtendedConfig ASPM ClockPM MSI]
[    0.504126] acpi PNP0A03:00: fail to add MMCONFIG information, can't access extended PCI configuration space under this bridge.
[    0.510050] PCI host bridge to bus 0000:00
[    0.512013] pci_bus 0000:00: root bus resource [io  0x0000-0x0cf7 window]
[    0.516017] pci_bus 0000:00: root bus resource [io  0x0d00-0xffff window]
[    0.524026] pci_bus 0000:00: root bus resource [mem 0x000a0000-0x000bffff window]
[    0.528028] pci_bus 0000:00: root bus resource [mem 0x40000000-0xfdffffff window]
[    0.532013] pci_bus 0000:00: root bus resource [bus 00-ff]
[    0.555185] pci 0000:00:01.1: legacy IDE quirk: reg 0x10: [io  0x01f0-0x01f7]
[    0.556013] pci 0000:00:01.1: legacy IDE quirk: reg 0x14: [io  0x03f6]
[    0.560010] pci 0000:00:01.1: legacy IDE quirk: reg 0x18: [io  0x0170-0x0177]
[    0.564010] pci 0000:00:01.1: legacy IDE quirk: reg 0x1c: [io  0x0376]
[    0.629361] pci 0000:00:07.0: quirk: [io  0x4000-0x403f] claimed by PIIX4 ACPI
[    0.632142] pci 0000:00:07.0: quirk: [io  0x4100-0x410f] claimed by PIIX4 SMB
[    0.678492] ACPI: PCI Interrupt Link [LNKA] (IRQs 5 9 10 *11)
[    0.681526] ACPI: PCI Interrupt Link [LNKB] (IRQs 5 9 *10 11)
[    0.684570] ACPI: PCI Interrupt Link [LNKC] (IRQs 5 *9 10 11)
[    0.692838] ACPI: PCI Interrupt Link [LNKD] (IRQs 5 9 10 *11)
[    0.698472] SCSI subsystem initialized
[    0.700850] pci 0000:00:02.0: vgaarb: setting as boot VGA device
[    0.704000] pci 0000:00:02.0: vgaarb: VGA device added: decodes=io+mem,owns=io+mem,locks=none
[    0.704024] pci 0000:00:02.0: vgaarb: bridge control possible
[    0.708014] vgaarb: loaded
[    0.712381] ACPI: bus type USB registered
[    0.716068] usbcore: registered new interface driver usbfs
[    0.720049] usbcore: registered new interface driver hub
[    0.724121] usbcore: registered new device driver usb
[    0.728525] EDAC MC: Ver: 3.0.0
[    0.736000] PCI: Using ACPI for IRQ routing
[    0.741173] NetLabel: Initializing
[    0.744013] NetLabel:  domain hash size = 128
[    0.748006] NetLabel:  protocols = UNLABELED CIPSOv4 CALIPSO
[    0.752360] NetLabel:  unlabeled traffic allowed by default
[    0.756678] clocksource: Switched to clocksource kvm-clock
[    0.836877] VFS: Disk quotas dquot_6.6.0
[    0.852781] VFS: Dquot-cache hash table entries: 512 (order 0, 4096 bytes)
[    0.870731] AppArmor: AppArmor Filesystem Enabled
[    0.885214] pnp: PnP ACPI init
[    0.899647] pnp: PnP ACPI: found 3 devices
[    0.922912] clocksource: acpi_pm: mask: 0xffffff max_cycles: 0xffffff, max_idle_ns: 2085701024 ns
[    0.945954] NET: Registered protocol family 2
[    0.957994] IP idents hash table entries: 16384 (order: 5, 131072 bytes)
[    0.974954] TCP established hash table entries: 8192 (order: 4, 65536 bytes)
[    0.994419] TCP bind hash table entries: 8192 (order: 5, 131072 bytes)
[    1.012628] TCP: Hash tables configured (established 8192 bind 8192)
[    1.031905] UDP hash table entries: 512 (order: 2, 16384 bytes)
[    1.046262] UDP-Lite hash table entries: 512 (order: 2, 16384 bytes)
[    1.059534] NET: Registered protocol family 1
[    1.069146] pci 0000:00:00.0: Limiting direct PCI/PCI transfers
[    1.081428] pci 0000:00:01.0: Activating ISA DMA hang workarounds
[    1.092821] pci 0000:00:02.0: Video device with shadowed ROM at [mem 0x000c0000-0x000dffff]
[    1.112672] Unpacking initramfs...
[    2.816275] Freeing initrd memory: 20396K
[    2.832294] clocksource: tsc: mask: 0xffffffffffffffff max_cycles: 0x22df0f35937, max_idle_ns: 440795269039 ns
[    2.858454] platform rtc_cmos: registered platform RTC device (no PNP device found)
[    2.882097] Scanning for low memory corruption every 60 seconds
[    2.903341] Initialise system trusted keyrings
[    2.920390] Key type blacklist registered
[    2.935813] workingset: timestamp_bits=36 max_order=18 bucket_order=0
[    2.969685] zbud: loaded
[    2.983036] squashfs: version 4.0 (2009/01/31) Phillip Lougher
[    3.003641] fuse init (API version 7.26)
[    3.020167] Key type asymmetric registered
[    3.041189] Asymmetric key parser 'x509' registered
[    3.060113] Block layer SCSI generic (bsg) driver version 0.4 loaded (major 246)
[    3.080092] io scheduler noop registered
[    3.090376] io scheduler deadline registered
[    3.101893] io scheduler cfq registered (default)
[    3.115235] ACPI: AC Adapter [AC] (off-line)
[    3.129100] input: Power Button as /devices/LNXSYSTM:00/LNXPWRBN:00/input/input0
[    3.153003] ACPI: Power Button [PWRF]
[    3.166569] input: Sleep Button as /devices/LNXSYSTM:00/LNXSLPBN:00/input/input1
[    3.191490] ACPI: Sleep Button [SLPF]
[    3.209110] Serial: 8250/16550 driver, 32 ports, IRQ sharing enabled
[    3.226668] ACPI: Battery Slot [BAT0] (battery present)
[    3.308687] 00:02: ttyS0 at I/O 0x3f8 (irq = 4, base_baud = 115200) is a 16550A
[    3.341797] Linux agpgart interface v0.103
[    3.363544] loop: module loaded
[    3.376655] scsi host0: ata_piix
[    3.385094] scsi host1: ata_piix
[    3.393845] ata1: PATA max UDMA/33 cmd 0x1f0 ctl 0x3f6 bmdma 0xd000 irq 14
[    3.409665] ata2: PATA max UDMA/33 cmd 0x170 ctl 0x376 bmdma 0xd008 irq 15
[    3.427607] tun: Universal TUN/TAP device driver, 1.6
[    3.439913] PPP generic driver version 2.4.2
[    3.449111] ehci_hcd: USB 2.0 'Enhanced' Host Controller (EHCI) Driver
[    3.461178] ehci-pci: EHCI PCI platform driver
[    3.469857] ehci-platform: EHCI generic platform driver
[    3.479876] ohci_hcd: USB 1.1 'Open' Host Controller (OHCI) Driver
[    3.491177] ohci-pci: OHCI PCI platform driver
[    3.499885] ohci-platform: OHCI generic platform driver
[    3.509868] uhci_hcd: USB Universal Host Controller Interface driver
[    3.521947] i8042: PNP: PS/2 Controller [PNP0303:PS2K,PNP0f03:PS2M] at 0x60,0x64 irq 1,12
[    3.546620] serio: i8042 KBD port at 0x60,0x64 irq 1
[    3.555562] serio: i8042 AUX port at 0x60,0x64 irq 12
[    3.565677] mousedev: PS/2 mouse device common for all mice
[    3.584042] input: AT Translated Set 2 keyboard as /devices/platform/i8042/serio0/input/input2
[    3.714929] rtc_cmos rtc_cmos: rtc core: registered rtc_cmos as rtc0
[    3.735141] rtc_cmos rtc_cmos: alarms up to one day, 114 bytes nvram
[    3.755772] i2c /dev entries driver
[    3.767192] device-mapper: uevent: version 1.0.3
[    3.782529] device-mapper: ioctl: 4.37.0-ioctl (2017-09-20) initialised: dm-devel@redhat.com
[    3.809964] ledtrig-cpu: registered to indicate activity on CPUs
[    3.828159] NET: Registered protocol family 10
[    3.854865] Segment Routing with IPv6
[    3.866605] NET: Registered protocol family 17
[    3.879515] Key type dns_resolver registered
[    3.894712] mce: Using 0 MCE banks
[    3.903402] RAS: Correctable Errors collector initialized.
[    3.916533] sched_clock: Marking stable (3916375265, 0)->(6919996179, -3003620914)
[    3.934715] registered taskstats version 1
[    3.946262] Loading compiled-in X.509 certificates
[    3.969388] Loaded X.509 cert 'Build time autogenerated kernel key: cdc7189136aaa35407544516090e2034d9c28e14'
[    3.997070] Loaded X.509 cert 'Canonical Ltd. Live Patch Signing: 14df34d1a87cf37625abec039ef2bf521249b969'
[    4.021799] Loaded X.509 cert 'Canonical Ltd. Kernel Module Signing: 88f752e560a1e0737e31163a466ad7b70a850c19'
[    4.046355] blacklist: Loading compiled-in revocation X.509 certificates
[    4.066348] Loaded X.509 cert 'Canonical Ltd. Secure Boot Signing: 61482aa2830d0ab2ad5af10b7250da9033ddcef0'
[    4.093952] Loaded X.509 cert 'Canonical Ltd. Secure Boot Signing (2017): 242ade75ac4a15e50d50c84b0d45ff3eae707a03'
[    4.120476] Loaded X.509 cert 'Canonical Ltd. Secure Boot Signing (ESM 2018): 365188c1d374d6b07c3c8f240f8ef722433d6a8b'
[    4.144930] Loaded X.509 cert 'Canonical Ltd. Secure Boot Signing (2019): c0746fd6c5da3ae827864651ad66ae47fe24b3e8'
[    4.169920] Loaded X.509 cert 'Canonical Ltd. Secure Boot Signing (2021 v1): a8d54bbb3825cfb94fa13c9f8a594a195c107b8d'
[    4.194805] Loaded X.509 cert 'Canonical Ltd. Secure Boot Signing (2021 v2): 4cf046892d6fd3c9a5b03f98d845f90851dc6a8c'
[    4.222554] Loaded X.509 cert 'Canonical Ltd. Secure Boot Signing (2021 v3): 100437bb6de6e469b581e61cd66bce3ef4ed53af'
[    4.250188] Loaded X.509 cert 'Canonical Ltd. Secure Boot Signing (Ubuntu Core 2019): c1d57b8f6b743f23ee41f4f7ee292f06eecadfb9'
[    4.282593] zswap: loaded using pool lzo/zbud
[    4.305919] Key type big_key registered
[    4.316811] Key type trusted registered
[    4.333413] Key type encrypted registered
[    4.345495] AppArmor: AppArmor sha1 policy hashing enabled
[    4.359536] ima: No TPM chip found, activating TPM-bypass! (rc=-19)
[    4.385955] ima: Allocated hash algorithm: sha1
[    4.399609] evm: HMAC attrs: 0x1
[    4.414020]   Magic number: 5:403:886
[    4.427769] rtc_cmos rtc_cmos: setting system clock to 2025-04-24 12:52:44 UTC (1745499164)
[    4.453275] BIOS EDD facility v0.16 2004-Jun-25, 0 devices found
[    4.467005] EDD information not available.
[    4.483574] Freeing unused kernel image memory: 2480K
[    4.504248] Write protecting the kernel read-only data: 20480k
[    4.519005] Freeing unused kernel image memory: 2008K
[    4.530255] Freeing unused kernel image memory: 1820K
[    4.553945] x86/mm: Checked W+X mappings: passed, no W+X pages found.
Loading, please wait...
starting version 237
[    4.857678] e1000: Intel(R) PRO/1000 Network Driver - version 7.3.21-k8-NAPI
[    4.875064] e1000: Copyright (c) 1999-2006 Intel Corporation.
[    4.900501] Fusion MPT base driver 3.04.20
[    4.912487] Copyright (c) 1999-2008 LSI Corporation
[    5.033160] SSE version of gcm_enc/dec engaged.
[    5.124538] Fusion MPT SPI Host driver 3.04.20
[    5.374933] input: ImExPS/2 Generic Explorer Mouse as /devices/platform/i8042/serio1/input/input4
[    6.631771] e1000 0000:00:03.0 eth0: (PCI:33MHz:32-bit) 02:3b:7b:b7:3b:2d
[    6.648609] e1000 0000:00:03.0 eth0: Intel(R) PRO/1000 Network Connection
[    6.673484] mptbase: ioc0: Initiating bringup
[    6.809854] ioc0: LSI53C1030 A0: Capabilities={Initiator}
[    7.102908] scsi host2: ioc0: LSI53C1030 A0, FwRev=00000000h, Ports=1, MaxQ=256, IRQ=20
[    7.299771] scsi 2:0:0:0: Direct-Access     VBOX     HARDDISK         1.0  PQ: 0 ANSI: 5
[    7.329136] scsi target2:0:0: Beginning Domain Validation
[    7.363806] scsi target2:0:0: Domain Validation skipping write tests
[    7.381772] scsi target2:0:0: Ending Domain Validation
[    7.430305] scsi target2:0:0: asynchronous
[    7.510921] scsi 2:0:1:0: Direct-Access     VBOX     HARDDISK         1.0  PQ: 0 ANSI: 5
[    7.549848] scsi target2:0:1: Beginning Domain Validation
[    7.724909] scsi target2:0:1: Domain Validation skipping write tests
[    7.745506] scsi target2:0:1: Ending Domain Validation
[    7.786884] scsi target2:0:1: asynchronous
[    8.007136] sd 2:0:0:0: [sda] 83886080 512-byte logical blocks: (42.9 GB/40.0 GiB)
[    8.024963] sd 2:0:0:0: Attached scsi generic sg0 type 0
[    8.055162] sd 2:0:1:0: [sdb] 20480 512-byte logical blocks: (10.5 MB/10.0 MiB)
[    8.070443] sd 2:0:1:0: Attached scsi generic sg1 type 0
[    8.096482] sd 2:0:0:0: [sda] Write Protect is off
[    8.105994] sd 2:0:1:0: [sdb] Write Protect is off
[    8.132498] sd 2:0:0:0: [sda] Incomplete mode parameter data
[    8.143527] sd 2:0:0:0: [sda] Assuming drive cache: write through
[    8.157166] sd 2:0:1:0: [sdb] Incomplete mode parameter data
[    8.167397] sd 2:0:1:0: [sdb] Assuming drive cache: write through
[    8.221261]  sda: sda1
[    8.260729] sd 2:0:1:0: [sdb] Attached SCSI disk
[    8.273995] sd 2:0:0:0: [sda] Attached SCSI disk
[    9.167437] e1000 0000:00:08.0 eth1: (PCI:33MHz:32-bit) 08:00:27:9f:b2:59
[    9.183394] e1000 0000:00:08.0 eth1: Intel(R) PRO/1000 Network Connection
[    9.207531] e1000 0000:00:08.0 enp0s8: renamed from eth1
[    9.258099] e1000 0000:00:03.0 enp0s3: renamed from eth0
Begin: Loading essential drivers ... [   12.981093] raid6: sse2x1   gen()  4235 MB/s
[   13.052780] raid6: sse2x1   xor()  7023 MB/s
[   13.125013] raid6: sse2x2   gen() 13337 MB/s
[   13.196317] raid6: sse2x2   xor() 10519 MB/s
[   13.269134] raid6: sse2x4   gen() 14349 MB/s
[   13.344350] raid6: sse2x4   xor()  7785 MB/s
[   13.354313] raid6: using algorithm sse2x4 gen() 14349 MB/s
[   13.368981] raid6: .... xor() 7785 MB/s, rmw enabled
[   13.374001] raid6: using ssse3x2 recovery algorithm
[   13.380244] xor: measuring software checksum speed
[   13.488300]    prefetch64-sse: 60496.000 MB/sec
[   13.604393]    generic_sse: 55909.000 MB/sec
[   13.612426] xor: using function: prefetch64-sse (60496.000 MB/sec)
[   13.627326] async_tx: api initialized (async)
done.
Begin: Running /scripts/init-premount ... done.
Begin: Mounting root file system ... Begin: Running /scripts/local-top ... done.
Begin: Running /scripts/local-premount ... [   13.792400] Btrfs loaded, crc32c=crc32c-intel
Scanning for Btrfs filesystems
done.
Begin: Will now check root file system ... fsck from util-linux 2.31.1
[/sbin/fsck.ext4 (1) -- /dev/sda1] fsck.ext4 -a -C0 /dev/sda1 
cloudimg-rootfs: recovering journal
cloudimg-rootfs: Clearing orphaned inode 2243 (uid=0, gid=0, mode=0100644, size=64144)
cloudimg-rootfs: clean, 99402/5120000 files, 876665/10485499 blocks
done.
[   14.752929] EXT4-fs (sda1): mounted filesystem with ordered data mode. Opts: (null)
done.
Begin: Running /scripts/local-bottom ... done.
Begin: Running /scripts/init-bottom ... done.
[   15.422063] ip_tables: (C) 2000-2006 Netfilter Core Team
[   15.458066] systemd[1]: systemd 237 running in system mode. (+PAM +AUDIT +SELINUX +IMA +APPARMOR +SMACK +SYSVINIT +UTMP +LIBCRYPTSETUP +GCRYPT +GNUTLS +ACL +XZ +LZ4 +SECCOMP +BLKID +ELFUTILS +KMOD -IDN2 +IDN -PCRE2 default-hierarchy=hybrid)
[   15.484780] systemd[1]: Detected virtualization oracle.
[   15.491822] systemd[1]: Detected architecture x86-64.

Welcome to [1mUbuntu 18.04.6 LTS[0m!

[   15.500677] systemd[1]: Set hostname to <server1>.
[   16.154599] systemd[1]: Reached target Mounting snaps.
[[0;32m  OK  [0m] Reached target Mounting snaps.
[   16.180696] systemd[1]: Created slice User and Session Slice.
[[0;32m  OK  [0m] Created slice User and Session Slice.
[   16.205131] systemd[1]: Set up automount Arbitrary Executable File Formats File System Automount Point.
[[0;32m  OK  [0m] Set up automount Arbitrary Executab…rmats File System Automount Point.
[   16.217076] systemd[1]: Reached target User and Group Name Lookups.
[[0;32m  OK  [0m] Reached target User and Group Name Lookups.
[   16.227851] systemd[1]: Reached target Swap.
[[0;32m  OK  [0m] Reached target Swap.
[   16.240436] systemd[1]: Created slice System Slice.
[[0;32m  OK  [0m] Created slice System Slice.
[[0;32m  OK  [0m] Listening on Device-mapper event daemon FIFOs.
[[0;32m  OK  [0m] Listening on LVM2 poll daemon socket.
[[0;32m  OK  [0m] Listening on Journal Socket (/dev/log).
[[0;32m  OK  [0m] Listening on LVM2 metadata daemon socket.
[[0;32m  OK  [0m] Listening on Syslog Socket.
[[0;32m  OK  [0m] Listening on udev Kernel Socket.
[[0;32m  OK  [0m] Listening on Journal Socket.
         Mounting Huge Pages File System...
         Starting Monitoring of LVM2 mirrors…ng dmeventd or progress polling...
         Starting Set the console keyboard layout...
[[0;32m  OK  [0m] Listening on fsck to fsckd communication Socket.
         Starting Create list of required st…ce nodes for the current kernel...
         Mounting POSIX Message Queue File System...
[[0;32m  OK  [0m] Listening on udev Control Socket.
         Starting udev Coldplug all Devices...
[[0;32m  OK  [0m] Reached target Slices.
[[0;32m  OK  [0m] Created slice system-serial\x2dgetty.slice.
[[0;32m  OK  [0m] Listening on Network Service Netlink Socket.
         Starting Remount Root and Kernel File Systems...
[[0;32m  OK  [0m] Reached target System Time Synchronized.
[[0;32m  OK  [0m] Reached target Mounted snaps.
[[0;32m  OK  [0m] Listening on Journal Audit Socket.
         Starting Journal Service...
         Starting Uncomplicated firewall...
[[0;32m  OK  [0m] Started Forward Password Requests to Wall Directory Watch.
[   16.705575] EXT4-fs (sda1): re-mounted. Opts: (null)
         Starting Load Kernel Modules...
[[0;32m  OK  [0m] Listening on /dev/initctl Compatibility Named Pipe.
         Mounting Kernel Debug File System...
[[0;32m  OK  [0m] Started Journal Service.
[[0;32m  OK  [0m] Mounted Huge Pages File System.
[[0;32m  OK  [0m] Started Create list of required sta…vice nodes for the current kernel.
[[0;32m  OK  [0m] Mounted POSIX Message Queue File System.
[[0;32m  OK  [0m] Started Remount Root and Kernel File Systems.
[[0;32m  OK  [0m] Started Uncomplicated firewall.
[[0;32m  OK  [0m] Mounted Kernel Debug File System.[   16.941915] Loading iSCSI transport class v2.0-870.

[[0;32m  OK  [0m] Started LVM2 metadata daemon.
         Starting Load/Save Random Seed...
         Starting Create Static Device Nodes in /dev...
         Starting Flush Journal to Persistent Storage...
[[0;32m  OK  [0m] Started udev Coldplug all Devices.
[   17.116553] iscsi: registered transport (tcp)
[[0;32m  OK  [0m] Started Load/Save Random Seed.
[[0;32m  OK  [0m] Started Monitoring of LVM2 mirrors,…sing dmeventd or progress polling.
[   17.196876] systemd-journald[423]: Received request to flush runtime journal from PID 1
[[0;32m  OK  [0m] Started Create Static Device Nodes in /dev.
         Starting udev Kernel Device Manager...
[[0;32m  OK  [0m] Started Set the console keyboard layout.
[[0;32m  OK  [0m] Reached target Local File Systems (Pre).
[[0;32m  OK  [0m] Reached target Local File Systems.
         Starting Tell Plymouth To Write Out Runtime Data...
         Starting Set console font and keymap...
         Starting ebtables ruleset management...
         Starting AppArmor initialization...
[[0;32m  OK  [0m] Started Tell Plymouth To Write Out Runtime Data.
[[0;32m  OK  [0m] Started Set console font and keymap.
[[0;32m  OK  [0m] Started udev Kernel Device Manager.
[[0;32m  OK  [0m] Started Dispatch Password Requests to Console Directory Watch.
[[0;32m  OK  [0m] Reached target Local Encrypted Volumes.
[   17.646075] iscsi: registered transport (iser)
[[0;32m  OK  [0m] Started Load Kernel Modules.
         Mounting Kernel Configuration File System...
         Starting Apply Kernel Variables...
         Mounting FUSE Control File System...
[[0;32m  OK  [0m] Mounted Kernel Configuration File System.
[[0;32m  OK  [0m] Mounted FUSE Control File System.
[[0;32m  OK  [0m] Started Apply Kernel Variables.
[[0;32m  OK  [0m] Started ebtables ruleset management.
[[0;32m  OK  [0m] Started Flush Journal to Persistent Storage.
         Starting Create Volatile Files and Directories...
[[0;32m  OK  [0m] Started Create Volatile Files and Directories.
         Starting Update UTMP about System Boot/Shutdown...
[[0;32m  OK  [0m] Started Update UTMP about System Boot/Shutdown.
[[0;32m  OK  [0m] Started AppArmor initialization.
         Starting Load AppArmor profiles managed internally by snapd...
         Starting Initial cloud-init job (pre-networking)...
         Mounting Arbitrary Executable File Formats File System...
[[0;32m  OK  [0m] Mounted Arbitrary Executable File Formats File System.
[[0;32m  OK  [0m] Started Load AppArmor profiles managed internally by snapd.
[[0;32m  OK  [0m] Found device /dev/ttyS0.
[[0;32m  OK  [0m] Listening on Load/Save RF Kill Switch Status /dev/rfkill Watch.
[   23.824502] cloud-init[529]: Cloud-init v. 23.1.2-0ubuntu0~18.04.1 running 'init-local' at Thu, 24 Apr 2025 12:53:03 +0000. Up 23.37 seconds.
[[0;32m  OK  [0m] Started Initial cloud-init job (pre-networking).
[[0;32m  OK  [0m] Reached target Network (Pre).
         Starting Network Service...
[[0;32m  OK  [0m] Started Network Service.
         Starting Network Name Resolution...
         Starting Wait for Network to be Configured...
[[0;32m  OK  [0m] Started Network Name Resolution.
[[0;32m  OK  [0m] Reached target Network.
[[0;32m  OK  [0m] Reached target Host and Network Name Lookups.
[[0;32m  OK  [0m] Started Wait for Network to be Configured.
         Starting Initial cloud-init job (metadata service crawler)...
[   28.828785] cloud-init[678]: Cloud-init v. 23.1.2-0ubuntu0~18.04.1 running 'init' at Thu, 24 Apr 2025 12:53:08 +0000. Up 28.36 seconds.
[   28.882975] cloud-init[678]: ci-info: ++++++++++++++++++++++++++++++++++++++Net device info+++++++++++++++++++++++++++++++++++++++
[   28.922138] cloud-init[678]: ci-info: +--------+------+-----------------------------+---------------+--------+-------------------+
[   28.952839] cloud-init[678]: ci-info: | Device |  Up  |           Address           |      Mask     | Scope  |     Hw-Address    |
[   28.999398] cloud-init[678]: ci-info: +--------+------+-----------------------------+---------------+--------+-------------------+
[   29.033199] cloud-init[678]: ci-info: | enp0s3 | True |          10.0.2.15          | 255.255.255.0 | global | 02:3b:7b:b7:3b:2d |
[   29.062510] cloud-init[678]: ci-info: | enp0s3 | True |  fe80::3b:7bff:feb7:3b2d/64 |       .       |  link  | 02:3b:7b:b7:3b:2d |
[   29.089855] cloud-init[678]: ci-info: | enp0s8 | True |        192.168.56.100       | 255.255.255.0 | global | 08:00:27:9f:b2:59 |
[   29.112896] cloud-init[678]: ci-info: | enp0s8 | True | fe80::a00:27ff:fe9f:b259/64 |       .       |  link  | 08:00:27:9f:b2:59 |
[   29.139921] cloud-init[678]: ci-info: |   lo   | True |          127.0.0.1          |   255.0.0.0   |  host  |         .         |
[   29.155592] cloud-init[678]: ci-info: |   lo   | True |           ::1/128           |       .       |  host  |         .         |
[   29.180717] cloud-init[678]: ci-info: +--------+------+-----------------------------+---------------+--------+-------------------+
[   29.199655] cloud-init[678]: ci-info: +++++++++++++++++++++++++++++Route IPv4 info+++++++++++++++++++++++++++++
[   29.229018] cloud-init[678]: ci-info: +-------+--------------+----------+-----------------+-----------+-------+
[   29.254465] cloud-init[678]: ci-info: | Route | Destination  | Gateway  |     Genmask     | Interface | Flags |
[   29.273927] cloud-init[678]: ci-info: +-------+--------------+----------+-----------------+-----------+-------+
[   29.296920] cloud-init[678]: ci-info: |   0   |   0.0.0.0    | 10.0.2.2 |     0.0.0.0     |   enp0s3  |   UG  |
[   29.311583] cloud-init[678]: ci-info: |   1   |   10.0.2.0   | 0.0.0.0  |  255.255.255.0  |   enp0s3  |   U   |
[   29.328373] cloud-init[678]: ci-info: |   2   |   10.0.2.2   | 0.0.0.0  | 255.255.255.255 |   enp0s3  |   UH  |
[   29.349575] cloud-init[678]: ci-info: |   3   | 192.168.56.0 | 0.0.0.0  |  255.255.255.0  |   enp0s8  |   U   |
[   29.365692] cloud-init[678]: ci-info: +-------+--------------+----------+-----------------+-----------+-------+
[   29.419429] cloud-init[678]: ci-info: +++++++++++++++++++Route IPv6 info+++++++++++++++++++
[   29.462395] cloud-init[678]: ci-info: +-------+-------------+---------+-----------+-------+
[   29.478410] cloud-init[678]: ci-info: | Route | Destination | Gateway | Interface | Flags |
[   29.509700] cloud-init[678]: ci-info: +-------+-------------+---------+-----------+-------+
[   29.522153] cloud-init[678]: ci-info: |   1   |  fe80::/64  |    ::   |   enp0s8  |   U   |
[   29.554230] cloud-init[678]: ci-info: |   2   |  fe80::/64  |    ::   |   enp0s3  |   U   |
[   29.574259] cloud-init[678]: ci-info: |   4   |    local    |    ::   |   enp0s3  |   U   |
[   29.602932] cloud-init[678]: ci-info: |   5   |    local    |    ::   |   enp0s8  |   U   |
[   29.624508] cloud-init[678]: ci-info: |   6   |   ff00::/8  |    ::   |   enp0s8  |   U   |
[   29.647285] cloud-init[678]: ci-info: |   7   |   ff00::/8  |    ::   |   enp0s3  |   U   |[
[0;32m  OK  [0m] Started Initial cloud-init job (metadata service crawler).[   29.673070] cloud-init[678]: ci-info: +-------+-------------+---------+-----------+-------+
[
[0;32m  OK  [0m] Reached target Network is Online.
[[0;32m  OK  [0m] Reached target Remote File Systems (Pre).
         Starting Availability of block devices...
         Mounting /vagrant...
[[0;32m  OK  [0m] Reached target Cloud-config availability.
[[0;32m  OK  [0m] Reached target System Initialization.
[[0;32m  OK  [0m] Started Ubuntu Advantage Timer for running repeated jobs.
[[0;32m  OK  [0m] Listening on cloud-init hotplug hook socket.
[[0;32m  OK  [0m] Started Discard unused blocks once a week.
[[0;32m  OK  [0m] Listening on D-Bus System Message Bus Socket.
         Starting Docker Socket for the API.
[[0;32m  OK  [0m] Listening on UUID daemon activation socket.
[[0;32m  OK  [0m] Started ACPI Events Check.
         Starting Socket activation for snappy daemon.
[[0;32m  OK  [0m] Listening on Open-iSCSI iscsid Socket.
[[0;32m  OK  [0m] Started Daily Cleanup of Temporary Directories.
[[0;32m  OK  [0m] Started Message of the Day.
[[0;32m  OK  [0m] Listening on ACPID Listen Socket.
[[0;32m  OK  [0m] Reached target Paths.
         Starting LXD - unix socket.
[[0;32m  OK  [0m] Started Daily apt download activities.
[[0;32m  OK  [0m] Started Daily apt upgrade and clean activities.
[[0;32m  OK  [0m] Reached target Timers.
[[0;32m  OK  [0m] Started Availability of block devices.
[[0;32m  OK  [0m] Mounted /vagrant.
[[0;32m  OK  [0m] Listening on Docker Socket for the API.
[[0;32m  OK  [0m] Listening on Socket activation for snappy daemon.
[[0;32m  OK  [0m] Listening on LXD - unix socket.
[[0;32m  OK  [0m] Reached target Sockets.
[[0;32m  OK  [0m] Reached target Basic System.
         Starting Message of the Day...
         Starting Virtualbox guest utils...
         Starting Discard unused blocks...
         Starting containerd container runtime...
         Starting Dispatcher daemon for systemd-networkd...
         Starting System Logging Service...
         Starting Login Service...
[[0;32m  OK  [0m] Started irqbalance daemon.
[[0;32m  OK  [0m] Started Regular background program processing daemon.
         Starting OpenBSD Secure Shell server...
[[0;32m  OK  [0m] Started D-Bus System Message Bus.
         Starting LSB: Record successful boot for GRUB...
[[0;32m  OK  [0m] Started Deferred execution scheduler.
         Starting Snap Daemon...
[[0;32m  OK  [0m] Reached target Login Prompts (Pre).
         Starting LXD - container startup/shutdown...
         Starting Accounts Service...
[[0;32m  OK  [0m] Started FUSE filesystem for LXC.
[[0;32m  OK  [0m] Reached target Remote File Systems.
         Starting Permit User Sessions...
         Starting LSB: automatic crash report generation...
[[0;32m  OK  [0m] Started System Logging Service.
[[0;32m  OK  [0m] Started Discard unused blocks.
[[0;32m  OK  [0m] Started Login Service.
[[0;32m  OK  [0m] Started Unattended Upgrades Shutdown.
[[0;32m  OK  [0m] Started Permit User Sessions.
         Starting Hold until boot process finishes up...
         Starting Terminate Plymouth Boot Screen...
[[0;32m  OK  [0m] Started Hold until boot process finishes up.
[[0;32m  OK  [0m] Started Serial Getty on ttyS0.
         Starting Set console scheme...
[[0;32m  OK  [0m] Started Terminate Plymouth Boot Screen.
[[0;32m  OK  [0m] Started OpenBSD Secure Shell server.
[[0;32m  OK  [0m] Started Set console scheme.
[[0;32m  OK  [0m] Created slice system-getty.slice.
[[0;32m  OK  [0m] Started Getty on tty1.
[[0;32m  OK  [0m] Reached target Login Prompts.
         Starting Authorization Manager...
[[0;32m  OK  [0m] Started LSB: Record successful boot for GRUB.
[[0;32m  OK  [0m] Started LSB: automatic crash report generation.
[[0;32m  OK  [0m] Started Authorization Manager.
[[0;32m  OK  [0m] Started Accounts Service.
[[0;32m  OK  [0m] Started Virtualbox guest utils.
[[0;32m  OK  [0m] Started LXD - container startup/shutdown.
[[0;32m  OK  [0m] Started Dispatcher daemon for systemd-networkd.
[[0;32m  OK  [0m] Started containerd container runtime.
         Starting Docker Application Container Engine...

Ubuntu 18.04.6 LTS server1 ttyS0

server1 login: [   42.848930] cloud-init[1022]: Cloud-init v. 23.1.2-0ubuntu0~18.04.1 running 'modules:config' at Thu, 24 Apr 2025 12:53:22 +0000. Up 42.25 seconds.
[   48.359973] cloud-init[1244]: Cloud-init v. 23.1.2-0ubuntu0~18.04.1 running 'modules:final' at Thu, 24 Apr 2025 12:53:27 +0000. Up 47.49 seconds.
[   48.413537] cloud-init[1244]: Cloud-init v. 23.1.2-0ubuntu0~18.04.1 finished at Thu, 24 Apr 2025 12:53:28 +0000. Datasource DataSourceNoCloud [seed=/dev/sdb][dsmode=net].  Up 48.32 seconds
